2025-06-18T10:11:27.093+08:00  INFO 18492 --- [znt-inbound-api] [main] c.z.z.ZntInboundApiApplication           : Starting ZntInboundApiApplication using Java 17.0.15 with PID 18492 (C:\Users\jeanny_chiu\znt-inbound-api\target\classes started by jeanny_chiu in C:\Users\jeanny_chiu\znt-inbound-api)
2025-06-18T10:11:27.101+08:00  INFO 18492 --- [znt-inbound-api] [main] c.z.z.ZntInboundApiApplication           : No active profile set, falling back to 1 default profile: "default"
2025-06-18T10:11:28.107+08:00  INFO 18492 --- [znt-inbound-api] [main] o.s.b.w.embedded.tomcat.TomcatWebServer  : Tomcat initialized with port 8080 (http)
2025-06-18T10:11:28.123+08:00  INFO 18492 --- [znt-inbound-api] [main] o.apache.catalina.core.StandardService   : Starting service [Tomcat]
2025-06-18T10:11:28.127+08:00  INFO 18492 --- [znt-inbound-api] [main] o.apache.catalina.core.StandardEngine    : Starting Servlet engine: [Apache Tomcat/10.1.41]
2025-06-18T10:11:28.189+08:00  INFO 18492 --- [znt-inbound-api] [main] o.a.c.c.C.[Tomcat].[localhost].[/]       : Initializing Spring embedded WebApplicationContext
2025-06-18T10:11:28.189+08:00  INFO 18492 --- [znt-inbound-api] [main] w.s.c.ServletWebServerApplicationContext : Root WebApplicationContext: initialization completed in 1029 ms
2025-06-18T10:11:29.057+08:00  INFO 18492 --- [znt-inbound-api] [main] o.s.b.w.embedded.tomcat.TomcatWebServer  : Tomcat started on port 8080 (http) with context path '/'
2025-06-18T10:11:29.067+08:00  INFO 18492 --- [znt-inbound-api] [main] c.z.z.ZntInboundApiApplication           : Started ZntInboundApiApplication in 2.397 seconds (process running for 2.714)
2025-06-18T10:11:41.588+08:00  INFO 18492 --- [znt-inbound-api] [http-nio-8080-exec-1] o.a.c.c.C.[Tomcat].[localhost].[/]       : Initializing Spring DispatcherServlet 'dispatcherServlet'
2025-06-18T10:11:41.588+08:00  INFO 18492 --- [znt-inbound-api] [http-nio-8080-exec-1] o.s.web.servlet.DispatcherServlet        : Initializing Servlet 'dispatcherServlet'
2025-06-18T10:11:41.592+08:00  INFO 18492 --- [znt-inbound-api] [http-nio-8080-exec-1] o.s.web.servlet.DispatcherServlet        : Completed initialization in 0 ms
2025-06-18T10:11:41.748+08:00  INFO 18492 --- [znt-inbound-api] [http-nio-8080-exec-1] com.zaxxer.hikari.HikariDataSource       : HikariPool-1 - Starting...
2025-06-18T10:11:41.753+08:00  WARN 18492 --- [znt-inbound-api] [http-nio-8080-exec-1] c.zaxxer.hikari.util.DriverDataSource    : Registered driver with driverClassName=oracle.jdbc.driver.OracleDriver was not found, trying direct instantiation.
2025-06-18T10:11:42.043+08:00  INFO 18492 --- [znt-inbound-api] [http-nio-8080-exec-1] com.zaxxer.hikari.pool.HikariPool        : HikariPool-1 - Added connection oracle.jdbc.driver.T4CConnection@1f8ef3aa
2025-06-18T10:11:42.046+08:00  INFO 18492 --- [znt-inbound-api] [http-nio-8080-exec-1] com.zaxxer.hikari.HikariDataSource       : HikariPool-1 - Start completed.
2025-06-18T10:11:42.256+08:00  INFO 18492 --- [znt-inbound-api] [http-nio-8080-exec-1] c.z.z.service.InboundReceiveService      : 用來計算簽章的 dataJson: {"ref_no":"RATW25062937","wms_no":"ZNQ25061401","wms_uuid":"101416267403042325","arrived_time":"2025-06-17 16:29:42","busi_date":"2025-06-16","detail":[{"batch_no":"","bin_code":"","date_code":"2524","invoice_no":"","lot_no":"RP7J0","po_no":"","qty":"4","ref_sku_code":"TC2082G4GRNS-A0-B","sku_code":"TC2082G4GRNS-A0-B","stock_uuid":"377740b2-4b55-11f0-9c4f-524201f04222","store_cate":"","wms_list_id":"323795615"},{"batch_no":"","bin_code":"","date_code":"2524","invoice_no":"","lot_no":"RP62A","po_no":"","qty":"10876","ref_sku_code":"TC2082G4GRNS-A0-B","sku_code":"TC2082G4GRNS-A0-B","stock_uuid":"76b7d01a-4b56-11f0-9c4f-524201f04222","store_cate":"","wms_list_id":"323795615"}]}
2025-06-18T10:11:42.261+08:00  INFO 18492 --- [znt-inbound-api] [http-nio-8080-exec-1] c.z.z.service.InboundReceiveService      : part_code 'ZENHUBFEILIKS' 的簽名驗證成功
2025-06-18T10:11:42.581+08:00  INFO 18492 --- [znt-inbound-api] [http-nio-8080-exec-1] c.z.z.service.InboundReceiveService      : 成功將 2 筆資料存入資料庫，參考編號 (ref_no): RATW25062937
2025-06-18T10:11:42.802+08:00  INFO 18492 --- [znt-inbound-api] [http-nio-8080-exec-1] c.z.z.service.EmailService               : 已發送成功通知郵件至: Edwin_Huang@zenitron.com.tw, jeanny_chiu@zenitron.com.tw
